<?xml version="1.0" encoding="UTF-8"?>
<testng-results skipped="0" failed="0" total="1" passed="1">
  <reporter-output>
  </reporter-output>
  <suite name="Default suite" duration-ms="4637" started-at="2020-06-01T11:12:00Z" finished-at="2020-06-01T11:12:04Z">
    <groups>
    </groups>
    <test name="Default test" duration-ms="4637" started-at="2020-06-01T11:12:00Z" finished-at="2020-06-01T11:12:04Z">
      <class name="GetRequest.GetData">
        <test-method status="PASS" signature="testResponceCode()[pri:0, instance:GetRequest.GetData@58c1c010]" name="testResponceCode" duration-ms="4612" started-at="2020-06-01T16:42:00Z" finished-at="2020-06-01T16:42:04Z">
          <reporter-output>
          </reporter-output>
        </test-method> <!-- testResponceCode -->
      </class> <!-- GetRequest.GetData -->
    </test> <!-- Default test -->
  </suite> <!-- Default suite -->
</testng-results>
